<?xml version="1.0" encoding="UTF-8"?>
<testsuite xmlns:xsi="http://www.w3.org/2001/XMLSchema-instance" xsi:noNamespaceSchemaLocation="https://maven.apache.org/surefire/maven-surefire-plugin/xsd/surefire-test-report.xsd" version="3.0.2" name="br.com.fiap.read_easy_api.ReadEasyApiApplicationTests" time="8.312" tests="1" errors="0" skipped="0" failures="0">
  <properties>
[...]
</properties>
  <testcase name="contextLoads" classname="br.com.fiap.read_easy_api.ReadEasyApiApplicationTests" time="0.465">
    <system-out><![CDATA[08:35:18.658 [main] INFO org.springframework.test.context.support.AnnotationConfigContextLoaderUtils -- Could not detect default configuration classes for test class [br.com.fiap.read_easy_api.ReadEasyApiApplicationTests]: ReadEasyApiApplicationTests does not declare any static, non-private, non-final, nested classes annotated with @Configuration.
08:35:18.811 [main] INFO org.springframework.boot.test.context.SpringBootTestContextBootstrapper -- Found @SpringBootConfiguration br.com.fiap.read_easy_api.App for test class br.com.fiap.read_easy_api.ReadEasyApiApplicationTests
08:35:18.997 [main] INFO org.springframework.boot.devtools.restart.RestartApplicationListener -- Restart disabled due to context in which it is running

  .   ____          _            __ _ _
 /\\ / ___'_ __ _ _(_)_ __  __ _ \ \ \ \
( ( )\___ | '_ | '_| | '_ \/ _` | \ \ \ \
 \\/  ___)| |_)| | | | | || (_| |  ) ) ) )
  '  |____| .__|_| |_|_| |_\__, | / / / /
 =========|_|==============|___/=/_/_/_/

 :: Spring Boot ::                (v3.4.3)

2025-05-16T08:35:19.372-03:00  INFO 5788 --- [read-easy-api] [           main] b.c.f.r.ReadEasyApiApplicationTests      : Starting ReadEasyApiApplicationTests using Java 18.0.2.1 with PID 5788 (started by labsfiap in D:\read-easy-api)
2025-05-16T08:35:19.374-03:00  INFO 5788 --- [read-easy-api] [           main] b.c.f.r.ReadEasyApiApplicationTests      : No active profile set, falling back to 1 default profile: "default"
2025-05-16T08:35:20.730-03:00  INFO 5788 --- [read-easy-api] [           main] .s.d.r.c.RepositoryConfigurationDelegate : Bootstrapping Spring Data JPA repositories in DEFAULT mode.
2025-05-16T08:35:20.927-03:00  INFO 5788 --- [read-easy-api] [           main] .s.d.r.c.RepositoryConfigurationDelegate : Finished Spring Data repository scanning in 185 ms. Found 3 JPA repository interfaces.
2025-05-16T08:35:21.696-03:00  INFO 5788 --- [read-easy-api] [           main] com.zaxxer.hikari.HikariDataSource       : HikariPool-1 - Starting...
2025-05-16T08:35:21.937-03:00  INFO 5788 --- [read-easy-api] [           main] com.zaxxer.hikari.pool.HikariPool        : HikariPool-1 - Added connection conn0: url=jdbc:h2:mem:readeasyapi user=KULEX
2025-05-16T08:35:21.953-03:00  INFO 5788 --- [read-easy-api] [           main] com.zaxxer.hikari.HikariDataSource       : HikariPool-1 - Start completed.
2025-05-16T08:35:22.050-03:00  INFO 5788 --- [read-easy-api] [           main] o.hibernate.jpa.internal.util.LogHelper  : HHH000204: Processing PersistenceUnitInfo [name: default]
2025-05-16T08:35:22.127-03:00  INFO 5788 --- [read-easy-api] [           main] org.hibernate.Version                    : HHH000412: Hibernate ORM core version 6.6.8.Final
2025-05-16T08:35:22.173-03:00  INFO 5788 --- [read-easy-api] [           main] o.h.c.internal.RegionFactoryInitiator    : HHH000026: Second-level cache disabled
2025-05-16T08:35:22.651-03:00  INFO 5788 --- [read-easy-api] [           main] o.s.o.j.p.SpringPersistenceUnitInfo      : No LoadTimeWeaver setup: ignoring JPA class transformer
2025-05-16T08:35:22.705-03:00  WARN 5788 --- [read-easy-api] [           main] org.hibernate.orm.deprecation            : HHH90000025: H2Dialect does not need to be specified explicitly using 'hibernate.dialect' (remove the property setting and it will be selected by default)
2025-05-16T08:35:22.728-03:00  INFO 5788 --- [read-easy-api] [           main] org.hibernate.orm.connections.pooling    : HHH10001005: Database info:
	Database JDBC URL [Connecting through datasource 'HikariDataSource (HikariPool-1)']
	Database driver: undefined/unknown
	Database version: 2.3.232
	Autocommit mode: undefined/unknown
	Isolation level: undefined/unknown
	Minimum pool size: undefined/unknown
	Maximum pool size: undefined/unknown
2025-05-16T08:35:23.744-03:00  INFO 5788 --- [read-easy-api] [           main] o.h.e.t.j.p.i.JtaPlatformInitiator       : HHH000489: No JTA platform available (set 'hibernate.transaction.jta.platform' to enable JTA platform integration)
Hibernate: drop table if exists book cascade 
Hibernate: drop table if exists genre cascade 
Hibernate: drop table if exists users cascade 
Hibernate: create table book (date date, id bigint generated by default as identity, author varchar(255) not null, description varchar(255), title varchar(255) not null, primary key (id))
Hibernate: create table genre (favorite boolean not null, id bigint generated by default as identity, icon varchar(15) not null, name varchar(255) not null, primary key (id))
Hibernate: create table users (email varchar(255) not null unique, id varchar(255) not null, password varchar(255), role enum ('ADMIN','USER'), primary key (id))
2025-05-16T08:35:23.785-03:00  INFO 5788 --- [read-easy-api] [           main] j.LocalContainerEntityManagerFactoryBean : Initialized JPA EntityManagerFactory for persistence unit 'default'
Hibernate: insert into genre (favorite,icon,name,id) values (?,?,?,default)
Hibernate: insert into genre (favorite,icon,name,id) values (?,?,?,default)
Hibernate: insert into genre (favorite,icon,name,id) values (?,?,?,default)
Hibernate: insert into book (author,date,description,title,id) values (?,?,?,?,default)
Hibernate: insert into book (author,date,description,title,id) values (?,?,?,?,default)
Hibernate: insert into users (email,password,role,id) values (?,?,?,?)
Hibernate: insert into users (email,password,role,id) values (?,?,?,?)
2025-05-16T08:35:24.760-03:00  INFO 5788 --- [read-easy-api] [           main] r$InitializeUserDetailsManagerConfigurer : Global AuthenticationManager configured with UserDetailsService bean with name authService
2025-05-16T08:35:25.386-03:00  WARN 5788 --- [read-easy-api] [           main] JpaBaseConfiguration$JpaWebConfiguration : spring.jpa.open-in-view is enabled by default. Therefore, database queries may be performed during view rendering. Explicitly configure spring.jpa.open-in-view to disable this warning
2025-05-16T08:35:26.163-03:00  INFO 5788 --- [read-easy-api] [           main] o.s.b.a.h2.H2ConsoleAutoConfiguration    : H2 console available at '/h2-console'. Database available at 'jdbc:h2:mem:readeasyapi'
2025-05-16T08:35:26.290-03:00  INFO 5788 --- [read-easy-api] [           main] b.c.f.r.ReadEasyApiApplicationTests      : Started ReadEasyApiApplicationTests in 7.307 seconds (process running for 8.456)
]]></system-out>
  </testcase>
</testsuite>